TN:
SF:src/config/index.ts
FNF:0
FNH:0
DA:1,2
DA:3,2
DA:5,2
LF:3
LH:3
BRDA:6,0,0,2
BRDA:6,0,1,2
BRDA:8,1,0,2
BRDA:8,1,1,2
BRDA:15,2,0,2
BRDA:15,2,1,2
BRDA:18,3,0,2
BRDA:18,3,1,2
BRDA:22,4,0,2
BRDA:22,4,1,2
BRDA:24,5,0,2
BRDA:24,5,1,0
BRDA:25,6,0,2
BRDA:25,6,1,2
BRF:14
BRH:13
end_of_record
TN:
SF:src/middleware/auth.ts
FN:21,authMiddleware
FN:97,optionalAuthMiddleware
FN:112,requireRole
FN:113,(anonymous_3)
FN:140,generateToken
FNF:5
FNH:0
FNDA:0,authMiddleware
FNDA:0,optionalAuthMiddleware
FNDA:0,requireRole
FNDA:0,(anonymous_3)
FNDA:0,generateToken
DA:26,0
DA:28,0
DA:29,0
DA:36,0
DA:39,0
DA:41,0
DA:42,0
DA:49,0
DA:52,0
DA:54,0
DA:55,0
DA:57,0
DA:63,0
DA:65,0
DA:66,0
DA:73,0
DA:76,0
DA:77,0
DA:84,0
DA:87,0
DA:102,0
DA:104,0
DA:105,0
DA:106,0
DA:109,0
DA:113,0
DA:114,0
DA:115,0
DA:122,0
DA:125,0
DA:126,0
DA:133,0
DA:136,0
DA:141,0
LF:34
LH:0
BRDA:28,0,0,0
BRDA:41,1,0,0
BRDA:41,2,0,0
BRDA:41,2,1,0
BRDA:52,3,0,0
BRDA:52,3,1,0
BRDA:65,4,0,0
BRDA:76,5,0,0
BRDA:104,6,0,0
BRDA:114,7,0,0
BRDA:125,8,0,0
BRF:11
BRH:0
end_of_record
TN:
SF:src/middleware/error.ts
FN:10,(anonymous_0)
FN:26,(anonymous_1)
FN:34,(anonymous_2)
FN:41,(anonymous_3)
FN:47,(anonymous_4)
FN:53,(anonymous_5)
FN:58,errorHandler
FN:86,(anonymous_7)
FN:143,notFoundHandler
FNF:9
FNH:0
FNDA:0,(anonymous_0)
FNDA:0,(anonymous_1)
FNDA:0,(anonymous_2)
FNDA:0,(anonymous_3)
FNDA:0,(anonymous_4)
FNDA:0,(anonymous_5)
FNDA:0,errorHandler
FNDA:0,(anonymous_7)
FNDA:0,notFoundHandler
DA:16,0
DA:17,0
DA:18,0
DA:19,0
DA:21,0
DA:27,0
DA:35,0
DA:36,0
DA:42,0
DA:48,0
DA:54,0
DA:64,0
DA:66,0
DA:67,0
DA:80,0
DA:81,0
DA:84,0
DA:85,0
DA:86,0
DA:87,0
DA:88,0
DA:91,0
DA:104,0
DA:105,0
DA:108,0
DA:109,0
DA:121,0
DA:122,0
DA:125,0
DA:140,0
DA:144,0
DA:156,0
LF:32
LH:0
BRDA:12,0,0,0
BRDA:13,1,0,0
BRDA:14,2,0,0
BRDA:34,3,0,0
BRDA:41,4,0,0
BRDA:47,5,0,0
BRDA:66,6,0,0
BRDA:72,7,0,0
BRDA:72,7,1,0
BRDA:75,8,0,0
BRDA:75,8,1,0
BRDA:84,9,0,0
BRDA:99,10,0,0
BRDA:99,10,1,0
BRDA:108,11,0,0
BRDA:108,12,0,0
BRDA:108,12,1,0
BRDA:116,13,0,0
BRDA:116,13,1,0
BRDA:130,14,0,0
BRDA:130,14,1,0
BRDA:135,15,0,0
BRDA:135,15,1,0
BRDA:151,16,0,0
BRDA:151,16,1,0
BRF:25
BRH:0
end_of_record
TN:
SF:src/middleware/metrics.ts
FN:57,metricsMiddleware
FN:64,(anonymous_1)
FN:80,getMetrics
FN:84,getContentType
FN:88,updateStreamMetrics
FN:92,updateAdBreakMetrics
FN:96,recordAdServed
FN:100,recordManifestProcessing
FN:104,recordSCTE35Cue
FNF:9
FNH:0
FNDA:0,metricsMiddleware
FNDA:0,(anonymous_1)
FNDA:0,getMetrics
FNDA:0,getContentType
FNDA:0,updateStreamMetrics
FNDA:0,updateAdBreakMetrics
FNDA:0,recordAdServed
FNDA:0,recordManifestProcessing
FNDA:0,recordSCTE35Cue
DA:4,0
DA:6,0
DA:8,0
DA:15,0
DA:23,0
DA:29,0
DA:35,0
DA:42,0
DA:50,0
DA:62,0
DA:64,0
DA:65,0
DA:66,0
DA:67,0
DA:73,0
DA:74,0
DA:77,0
DA:81,0
DA:85,0
DA:89,0
DA:93,0
DA:97,0
DA:101,0
DA:105,0
LF:24
LH:0
BRDA:66,0,0,0
BRDA:66,0,1,0
BRDA:69,1,0,0
BRDA:69,1,1,0
BRF:4
BRH:0
end_of_record
TN:
SF:src/models/index.ts
FN:203,initDatabase
FN:213,closeDatabase
FNF:2
FNH:0
FNDA:0,initDatabase
FNDA:0,closeDatabase
DA:1,1
DA:77,1
DA:96,1
DA:120,1
DA:150,1
DA:151,1
DA:153,1
DA:190,1
DA:191,1
DA:193,1
DA:198,1
DA:203,1
DA:204,0
DA:205,0
DA:206,0
DA:208,0
DA:209,0
DA:213,1
DA:214,0
DA:215,0
LF:20
LH:13
BRF:0
BRH:0
end_of_record
TN:
SF:src/routes/cue.ts
FN:10,(anonymous_0)
FN:62,(anonymous_1)
FN:96,(anonymous_2)
FN:145,(anonymous_3)
FN:198,(anonymous_4)
FNF:5
FNH:0
FNDA:0,(anonymous_0)
FNDA:0,(anonymous_1)
FNDA:0,(anonymous_2)
FNDA:0,(anonymous_3)
FNDA:0,(anonymous_4)
DA:8,0
DA:10,0
DA:11,0
DA:12,0
DA:14,0
DA:15,0
DA:27,0
DA:28,0
DA:31,0
DA:33,0
DA:35,0
DA:44,0
DA:46,0
DA:47,0
DA:58,0
DA:62,0
DA:63,0
DA:64,0
DA:65,0
DA:67,0
DA:69,0
DA:78,0
DA:80,0
DA:81,0
DA:92,0
DA:96,0
DA:97,0
DA:98,0
DA:100,0
DA:102,0
DA:103,0
DA:114,0
DA:115,0
DA:118,0
DA:127,0
DA:129,0
DA:130,0
DA:141,0
DA:145,0
DA:146,0
DA:147,0
DA:148,0
DA:150,0
DA:151,0
DA:162,0
DA:163,0
DA:166,0
DA:168,0
DA:180,0
DA:182,0
DA:183,0
DA:194,0
DA:198,0
DA:199,0
DA:200,0
DA:202,0
DA:203,0
DA:214,0
DA:215,0
DA:218,0
DA:224,0
DA:237,0
DA:239,0
DA:240,0
DA:251,0
LF:65
LH:0
BRDA:14,0,0,0
BRDA:23,1,0,0
BRDA:23,1,1,0
BRDA:39,2,0,0
BRDA:39,2,1,0
BRDA:51,3,0,0
BRDA:51,3,1,0
BRDA:54,4,0,0
BRDA:54,4,1,0
BRDA:64,5,0,0
BRDA:64,5,1,0
BRDA:65,6,0,0
BRDA:65,6,1,0
BRDA:73,7,0,0
BRDA:73,7,1,0
BRDA:85,8,0,0
BRDA:85,8,1,0
BRDA:88,9,0,0
BRDA:88,9,1,0
BRDA:98,10,0,0
BRDA:98,10,1,0
BRDA:102,11,0,0
BRDA:110,12,0,0
BRDA:110,12,1,0
BRDA:122,13,0,0
BRDA:122,13,1,0
BRDA:134,14,0,0
BRDA:134,14,1,0
BRDA:137,15,0,0
BRDA:137,15,1,0
BRDA:147,16,0,0
BRDA:147,16,1,0
BRDA:150,17,0,0
BRDA:158,18,0,0
BRDA:158,18,1,0
BRDA:175,19,0,0
BRDA:175,19,1,0
BRDA:187,20,0,0
BRDA:187,20,1,0
BRDA:190,21,0,0
BRDA:190,21,1,0
BRDA:202,22,0,0
BRDA:202,23,0,0
BRDA:202,23,1,0
BRDA:210,24,0,0
BRDA:210,24,1,0
BRDA:221,25,0,0
BRDA:221,25,1,0
BRDA:232,26,0,0
BRDA:232,26,1,0
BRDA:244,27,0,0
BRDA:244,27,1,0
BRDA:247,28,0,0
BRDA:247,28,1,0
BRF:54
BRH:0
end_of_record
TN:
SF:src/routes/health.ts
FN:11,(anonymous_0)
FN:64,(anonymous_1)
FN:71,(anonymous_2)
FN:100,(anonymous_3)
FNF:4
FNH:0
FNDA:0,(anonymous_0)
FNDA:0,(anonymous_1)
FNDA:0,(anonymous_2)
FNDA:0,(anonymous_3)
DA:7,0
DA:9,0
DA:11,0
DA:12,0
DA:13,0
DA:14,0
DA:16,0
DA:17,0
DA:19,0
DA:20,0
DA:22,0
DA:23,0
DA:24,0
DA:27,0
DA:41,0
DA:43,0
DA:51,0
DA:64,0
DA:65,0
DA:71,0
DA:72,0
DA:73,0
DA:74,0
DA:76,0
DA:77,0
DA:82,0
DA:92,0
DA:100,0
DA:101,0
DA:102,0
DA:103,0
DA:104,0
DA:106,0
LF:33
LH:0
BRDA:23,0,0,0
BRDA:23,1,0,0
BRDA:23,1,1,0
BRDA:41,2,0,0
BRDA:41,2,1,0
BRDA:55,3,0,0
BRDA:55,3,1,0
BRDA:76,4,0,0
BRDA:76,4,1,0
BRDA:76,5,0,0
BRDA:76,5,1,0
BRDA:94,6,0,0
BRDA:94,6,1,0
BRF:13
BRH:0
end_of_record
TN:
SF:src/routes/index.ts
FNF:0
FNH:0
DA:6,0
DA:8,0
DA:9,0
DA:10,0
LF:4
LH:0
BRF:0
BRH:0
end_of_record
TN:
SF:src/routes/stream.ts
FN:9,(anonymous_0)
FN:71,(anonymous_1)
FN:128,(anonymous_2)
FN:180,(anonymous_3)
FN:251,(anonymous_4)
FN:300,(anonymous_5)
FN:366,(anonymous_6)
FN:416,(anonymous_7)
FNF:8
FNH:0
FNDA:0,(anonymous_0)
FNDA:0,(anonymous_1)
FNDA:0,(anonymous_2)
FNDA:0,(anonymous_3)
FNDA:0,(anonymous_4)
FNDA:0,(anonymous_5)
FNDA:0,(anonymous_6)
FNDA:0,(anonymous_7)
DA:7,0
DA:9,0
DA:10,0
DA:11,0
DA:13,0
DA:14,0
DA:19,0
DA:20,0
DA:23,0
DA:25,0
DA:26,0
DA:37,0
DA:38,0
DA:41,0
DA:53,0
DA:55,0
DA:56,0
DA:67,0
DA:71,0
DA:72,0
DA:73,0
DA:74,0
DA:76,0
DA:77,0
DA:88,0
DA:89,0
DA:92,0
DA:101,0
DA:110,0
DA:112,0
DA:113,0
DA:124,0
DA:128,0
DA:129,0
DA:130,0
DA:131,0
DA:133,0
DA:135,0
DA:136,0
DA:149,0
DA:150,0
DA:153,0
DA:162,0
DA:164,0
DA:165,0
DA:176,0
DA:180,0
DA:181,0
DA:182,0
DA:183,0
DA:185,0
DA:186,0
DA:197,0
DA:198,0
DA:201,0
DA:208,0
DA:209,0
DA:220,0
DA:221,0
DA:224,0
DA:233,0
DA:235,0
DA:236,0
DA:247,0
DA:251,0
DA:252,0
DA:253,0
DA:255,0
DA:257,0
DA:258,0
DA:269,0
DA:270,0
DA:273,0
DA:282,0
DA:284,0
DA:285,0
DA:296,0
DA:300,0
DA:301,0
DA:302,0
DA:303,0
DA:305,0
DA:306,0
DA:317,0
DA:318,0
DA:321,0
DA:323,0
DA:324,0
DA:335,0
DA:336,0
DA:339,0
DA:348,0
DA:350,0
DA:351,0
DA:362,0
DA:366,0
DA:367,0
DA:368,0
DA:370,0
DA:371,0
DA:383,0
DA:384,0
DA:387,0
DA:389,0
DA:398,0
DA:400,0
DA:401,0
DA:412,0
DA:416,0
DA:417,0
DA:418,0
DA:420,0
DA:422,0
DA:423,0
DA:434,0
DA:435,0
DA:438,0
DA:450,0
DA:452,0
DA:453,0
DA:464,0
LF:121
LH:0
BRDA:11,0,0,0
BRDA:11,0,1,0
BRDA:13,1,0,0
BRDA:17,2,0,0
BRDA:17,2,1,0
BRDA:25,3,0,0
BRDA:33,4,0,0
BRDA:33,4,1,0
BRDA:48,5,0,0
BRDA:48,5,1,0
BRDA:60,6,0,0
BRDA:60,6,1,0
BRDA:63,7,0,0
BRDA:63,7,1,0
BRDA:73,8,0,0
BRDA:73,8,1,0
BRDA:76,9,0,0
BRDA:76,10,0,0
BRDA:76,10,1,0
BRDA:84,11,0,0
BRDA:84,11,1,0
BRDA:105,12,0,0
BRDA:105,12,1,0
BRDA:117,13,0,0
BRDA:117,13,1,0
BRDA:120,14,0,0
BRDA:120,14,1,0
BRDA:130,15,0,0
BRDA:130,15,1,0
BRDA:135,16,0,0
BRDA:140,17,0,0
BRDA:140,17,1,0
BRDA:145,18,0,0
BRDA:145,18,1,0
BRDA:157,19,0,0
BRDA:157,19,1,0
BRDA:169,20,0,0
BRDA:169,20,1,0
BRDA:172,21,0,0
BRDA:172,21,1,0
BRDA:182,22,0,0
BRDA:182,22,1,0
BRDA:185,23,0,0
BRDA:185,24,0,0
BRDA:185,24,1,0
BRDA:185,24,2,0
BRDA:193,25,0,0
BRDA:193,25,1,0
BRDA:208,26,0,0
BRDA:216,27,0,0
BRDA:216,27,1,0
BRDA:228,28,0,0
BRDA:228,28,1,0
BRDA:240,29,0,0
BRDA:240,29,1,0
BRDA:243,30,0,0
BRDA:243,30,1,0
BRDA:253,31,0,0
BRDA:253,31,1,0
BRDA:257,32,0,0
BRDA:265,33,0,0
BRDA:265,33,1,0
BRDA:277,34,0,0
BRDA:277,34,1,0
BRDA:289,35,0,0
BRDA:289,35,1,0
BRDA:292,36,0,0
BRDA:292,36,1,0
BRDA:302,37,0,0
BRDA:302,37,1,0
BRDA:305,38,0,0
BRDA:313,39,0,0
BRDA:313,39,1,0
BRDA:323,40,0,0
BRDA:331,41,0,0
BRDA:331,41,1,0
BRDA:343,42,0,0
BRDA:343,42,1,0
BRDA:355,43,0,0
BRDA:355,43,1,0
BRDA:358,44,0,0
BRDA:358,44,1,0
BRDA:370,45,0,0
BRDA:379,46,0,0
BRDA:379,46,1,0
BRDA:393,47,0,0
BRDA:393,47,1,0
BRDA:405,48,0,0
BRDA:405,48,1,0
BRDA:408,49,0,0
BRDA:408,49,1,0
BRDA:418,50,0,0
BRDA:418,50,1,0
BRDA:422,51,0,0
BRDA:430,52,0,0
BRDA:430,52,1,0
BRDA:445,53,0,0
BRDA:445,53,1,0
BRDA:457,54,0,0
BRDA:457,54,1,0
BRDA:460,55,0,0
BRDA:460,55,1,0
BRF:102
BRH:0
end_of_record
TN:
SF:src/services/ad-insertion.ts
FN:22,(anonymous_0)
FN:38,(anonymous_1)
FN:61,(anonymous_2)
FN:83,(anonymous_3)
FN:138,(anonymous_4)
FN:162,(anonymous_5)
FN:208,(anonymous_6)
FN:216,(anonymous_7)
FN:223,(anonymous_8)
FN:232,(anonymous_9)
FN:255,(anonymous_10)
FN:284,(anonymous_11)
FN:297,(anonymous_12)
FN:307,(anonymous_13)
FN:321,(anonymous_14)
FN:326,(anonymous_15)
FN:329,(anonymous_16)
FN:340,(anonymous_17)
FNF:18
FNH:0
FNDA:0,(anonymous_0)
FNDA:0,(anonymous_1)
FNDA:0,(anonymous_2)
FNDA:0,(anonymous_3)
FNDA:0,(anonymous_4)
FNDA:0,(anonymous_5)
FNDA:0,(anonymous_6)
FNDA:0,(anonymous_7)
FNDA:0,(anonymous_8)
FNDA:0,(anonymous_9)
FNDA:0,(anonymous_10)
FNDA:0,(anonymous_11)
FNDA:0,(anonymous_12)
FNDA:0,(anonymous_13)
FNDA:0,(anonymous_14)
FNDA:0,(anonymous_15)
FNDA:0,(anonymous_16)
FNDA:0,(anonymous_17)
DA:1,1
DA:12,1
DA:13,1
DA:14,1
DA:15,1
DA:17,1
DA:18,1
DA:19,1
DA:20,1
DA:29,0
DA:31,0
DA:38,0
DA:50,0
DA:52,0
DA:58,0
DA:62,0
DA:66,0
DA:67,0
DA:70,0
DA:72,0
DA:73,0
DA:80,0
DA:84,0
DA:86,0
DA:87,0
DA:95,0
DA:97,0
DA:98,0
DA:101,0
DA:103,0
DA:104,0
DA:110,0
DA:117,0
DA:118,0
DA:121,0
DA:123,0
DA:124,0
DA:126,0
DA:139,0
DA:141,0
DA:142,0
DA:145,0
DA:146,0
DA:149,0
DA:155,0
DA:156,0
DA:157,0
DA:159,0
DA:163,0
DA:165,0
DA:167,0
DA:168,0
DA:171,0
DA:182,0
DA:183,0
DA:184,0
DA:192,0
DA:196,0
DA:197,0
DA:199,0
DA:205,0
DA:209,0
DA:211,0
DA:212,0
DA:215,0
DA:216,0
DA:217,0
DA:220,0
DA:224,0
DA:226,0
DA:228,0
DA:229,0
DA:232,0
DA:234,0
DA:235,0
DA:238,0
DA:239,0
DA:241,0
DA:242,0
DA:243,0
DA:244,0
DA:248,0
DA:250,0
DA:252,0
DA:261,0
DA:263,0
DA:264,0
DA:267,0
DA:278,0
DA:279,0
DA:281,0
DA:285,0
DA:287,0
DA:288,0
DA:291,0
DA:292,0
DA:294,0
DA:298,0
DA:304,0
DA:308,0
DA:314,0
DA:315,0
DA:318,0
DA:322,0
DA:326,0
DA:330,0
DA:337,0
DA:341,0
DA:342,0
DA:343,0
DA:344,0
DA:346,0
DA:351,1
LF:113
LH:10
BRDA:38,0,0,0
BRDA:38,0,1,0
BRDA:40,1,0,0
BRDA:40,1,1,0
BRDA:42,2,0,0
BRDA:42,2,1,0
BRDA:43,3,0,0
BRDA:43,3,1,0
BRDA:66,4,0,0
BRDA:72,5,0,0
BRDA:97,6,0,0
BRDA:103,7,0,0
BRDA:103,7,1,0
BRDA:141,8,0,0
BRDA:145,9,0,0
BRDA:167,10,0,0
BRDA:176,11,0,0
BRDA:176,11,1,0
BRDA:182,12,0,0
BRDA:187,13,0,0
BRDA:187,13,1,0
BRDA:211,14,0,0
BRDA:215,15,0,0
BRDA:217,16,0,0
BRDA:217,16,1,0
BRDA:228,17,0,0
BRDA:234,18,0,0
BRDA:242,19,0,0
BRDA:263,20,0,0
BRDA:287,21,0,0
BRDA:291,22,0,0
BRDA:291,22,1,0
BRDA:314,23,0,0
BRDA:337,24,0,0
BRDA:337,24,1,0
BRDA:344,25,0,0
BRDA:344,25,1,0
BRF:37
BRH:0
end_of_record
TN:
SF:src/services/manifest.ts
FN:19,(anonymous_1)
FN:23,(anonymous_2)
FN:37,(anonymous_3)
FN:64,(anonymous_4)
FN:90,(anonymous_5)
FN:99,(anonymous_6)
FN:128,(anonymous_7)
FN:138,(anonymous_8)
FN:186,(anonymous_9)
FN:218,(anonymous_10)
FN:249,(anonymous_11)
FN:256,(anonymous_12)
FN:272,(anonymous_13)
FN:287,(anonymous_14)
FN:330,(anonymous_15)
FN:345,(anonymous_16)
FN:363,(anonymous_17)
FNF:17
FNH:5
FNDA:9,(anonymous_1)
FNDA:0,(anonymous_2)
FNDA:3,(anonymous_3)
FNDA:2,(anonymous_4)
FNDA:0,(anonymous_5)
FNDA:0,(anonymous_6)
FNDA:0,(anonymous_7)
FNDA:0,(anonymous_8)
FNDA:0,(anonymous_9)
FNDA:0,(anonymous_10)
FNDA:0,(anonymous_11)
FNDA:0,(anonymous_12)
FNDA:0,(anonymous_13)
FNDA:0,(anonymous_14)
FNDA:4,(anonymous_15)
FNDA:0,(anonymous_16)
FNDA:2,(anonymous_17)
DA:1,2
DA:3,2
DA:16,2
DA:20,9
DA:24,0
DA:25,0
DA:31,0
DA:33,0
DA:38,3
DA:39,3
DA:41,3
DA:42,8
DA:44,8
DA:45,4
DA:46,4
DA:47,4
DA:48,4
DA:50,4
DA:51,4
DA:56,4
DA:61,3
DA:65,2
DA:66,2
DA:67,2
DA:69,2
DA:70,7
DA:72,7
DA:73,3
DA:74,3
DA:75,3
DA:76,3
DA:79,3
DA:80,3
DA:81,3
DA:82,3
DA:87,2
DA:95,0
DA:96,0
DA:98,0
DA:99,0
DA:101,0
DA:102,0
DA:103,0
DA:105,0
DA:107,0
DA:108,0
DA:109,0
DA:117,0
DA:120,0
DA:122,0
DA:129,0
DA:130,0
DA:132,0
DA:133,0
DA:135,0
DA:144,0
DA:145,0
DA:146,0
DA:148,0
DA:149,0
DA:151,0
DA:152,0
DA:153,0
DA:154,0
DA:156,0
DA:157,0
DA:158,0
DA:161,0
DA:166,0
DA:167,0
DA:170,0
DA:171,0
DA:173,0
DA:174,0
DA:175,0
DA:176,0
DA:177,0
DA:181,0
DA:183,0
DA:187,0
DA:189,0
DA:190,0
DA:191,0
DA:193,0
DA:194,0
DA:195,0
DA:196,0
DA:198,0
DA:199,0
DA:200,0
DA:201,0
DA:202,0
DA:203,0
DA:204,0
DA:208,0
DA:209,0
DA:212,0
DA:213,0
DA:215,0
DA:219,0
DA:220,0
DA:222,0
DA:223,0
DA:225,0
DA:226,0
DA:228,0
DA:229,0
DA:230,0
DA:231,0
DA:232,0
DA:233,0
DA:235,0
DA:238,0
DA:242,0
DA:243,0
DA:244,0
DA:246,0
DA:250,0
DA:251,0
DA:252,0
DA:253,0
DA:261,0
DA:263,0
DA:265,0
DA:266,0
DA:269,0
DA:273,0
DA:275,0
DA:276,0
DA:277,0
DA:280,0
DA:281,0
DA:282,0
DA:284,0
DA:288,0
DA:289,0
DA:291,0
DA:293,0
DA:294,0
DA:295,0
DA:305,0
DA:306,0
DA:311,0
DA:317,0
DA:331,4
DA:332,4
DA:334,4
DA:335,4
DA:336,7
DA:337,7
DA:338,7
DA:342,4
DA:346,0
DA:348,0
DA:349,0
DA:350,0
DA:356,0
DA:364,2
DA:365,2
DA:369,2
LF:160
LH:43
BRDA:42,0,0,8
BRDA:42,0,1,0
BRDA:44,1,0,4
BRDA:46,2,0,4
BRDA:46,2,1,0
BRDA:47,3,0,4
BRDA:47,3,1,1
BRDA:48,4,0,4
BRDA:48,4,1,0
BRDA:50,5,0,4
BRDA:50,6,0,4
BRDA:50,6,1,4
BRDA:70,7,0,7
BRDA:70,7,1,0
BRDA:72,8,0,3
BRDA:74,9,0,3
BRDA:75,10,0,3
BRDA:75,10,1,0
BRDA:79,11,0,3
BRDA:79,11,1,0
BRDA:80,12,0,3
BRDA:80,13,0,3
BRDA:80,13,1,3
BRDA:129,14,0,0
BRDA:132,15,0,0
BRDA:135,16,0,0
BRDA:135,16,1,0
BRDA:149,17,0,0
BRDA:149,17,1,0
BRDA:151,18,0,0
BRDA:153,19,0,0
BRDA:154,20,0,0
BRDA:154,20,1,0
BRDA:156,21,0,0
BRDA:166,22,0,0
BRDA:173,23,0,0
BRDA:174,24,0,0
BRDA:174,24,1,0
BRDA:175,25,0,0
BRDA:193,26,0,0
BRDA:193,26,1,0
BRDA:198,27,0,0
BRDA:198,27,1,0
BRDA:202,28,0,0
BRDA:223,29,0,0
BRDA:223,29,1,0
BRDA:225,30,0,0
BRDA:225,30,1,0
BRDA:226,31,0,0
BRDA:226,31,1,0
BRDA:228,32,0,0
BRDA:228,32,1,0
BRDA:228,33,0,0
BRDA:228,33,1,0
BRDA:276,34,0,0
BRDA:293,35,0,0
BRDA:293,35,1,0
BRDA:305,36,0,0
BRDA:305,36,1,0
BRDA:337,37,0,7
BRDA:337,38,0,7
BRDA:337,38,1,7
BRDA:348,39,0,0
BRDA:348,39,1,0
BRF:64
BRH:20
end_of_record
TN:
SF:src/services/redis.ts
FN:8,(anonymous_0)
FN:18,(anonymous_1)
FN:23,(anonymous_2)
FN:28,(anonymous_3)
FN:42,(anonymous_4)
FN:50,(anonymous_5)
FN:67,(anonymous_6)
FN:86,(anonymous_7)
FN:100,(anonymous_8)
FN:114,(anonymous_9)
FN:127,(anonymous_10)
FN:140,(anonymous_11)
FNF:12
FNH:0
FNDA:0,(anonymous_0)
FNDA:0,(anonymous_1)
FNDA:0,(anonymous_2)
FNDA:0,(anonymous_3)
FNDA:0,(anonymous_4)
FNDA:0,(anonymous_5)
FNDA:0,(anonymous_6)
FNDA:0,(anonymous_7)
FNDA:0,(anonymous_8)
FNDA:0,(anonymous_9)
FNDA:0,(anonymous_10)
FNDA:0,(anonymous_11)
DA:1,1
DA:2,1
DA:5,1
DA:6,1
DA:9,0
DA:10,0
DA:13,0
DA:14,0
DA:18,0
DA:19,0
DA:20,0
DA:23,0
DA:24,0
DA:25,0
DA:28,0
DA:29,0
DA:30,0
DA:33,0
DA:34,0
DA:36,0
DA:37,0
DA:38,0
DA:43,0
DA:44,0
DA:45,0
DA:46,0
DA:51,0
DA:52,0
DA:55,0
DA:56,0
DA:57,0
DA:58,0
DA:60,0
DA:62,0
DA:63,0
DA:68,0
DA:69,0
DA:72,0
DA:73,0
DA:74,0
DA:75,0
DA:77,0
DA:79,0
DA:81,0
DA:82,0
DA:87,0
DA:88,0
DA:91,0
DA:92,0
DA:93,0
DA:95,0
DA:96,0
DA:101,0
DA:102,0
DA:105,0
DA:106,0
DA:107,0
DA:109,0
DA:110,0
DA:115,0
DA:116,0
DA:119,0
DA:120,0
DA:122,0
DA:123,0
DA:128,0
DA:129,0
DA:132,0
DA:133,0
DA:135,0
DA:136,0
DA:141,0
DA:145,1
LF:73
LH:5
BRDA:9,0,0,0
BRDA:9,1,0,0
BRDA:9,1,1,0
BRDA:43,2,0,0
BRDA:51,3,0,0
BRDA:51,4,0,0
BRDA:51,4,1,0
BRDA:57,5,0,0
BRDA:68,6,0,0
BRDA:68,7,0,0
BRDA:68,7,1,0
BRDA:74,8,0,0
BRDA:74,8,1,0
BRDA:87,9,0,0
BRDA:87,10,0,0
BRDA:87,10,1,0
BRDA:101,11,0,0
BRDA:101,12,0,0
BRDA:101,12,1,0
BRDA:114,13,0,0
BRDA:115,14,0,0
BRDA:115,15,0,0
BRDA:115,15,1,0
BRDA:128,16,0,0
BRDA:128,17,0,0
BRDA:128,17,1,0
BRF:26
BRH:0
end_of_record
TN:
SF:src/services/scte35.ts
FN:34,(anonymous_0)
FN:66,(anonymous_1)
FN:166,(anonymous_2)
FN:187,(anonymous_3)
FN:210,(anonymous_4)
FN:218,(anonymous_5)
FN:224,(anonymous_6)
FN:236,(anonymous_7)
FN:249,(anonymous_8)
FN:267,(anonymous_9)
FN:273,(anonymous_10)
FN:287,(anonymous_11)
FN:308,(anonymous_12)
FN:312,(anonymous_13)
FN:348,(anonymous_14)
FN:351,(anonymous_15)
FNF:16
FNH:10
FNDA:0,(anonymous_0)
FNDA:2,(anonymous_1)
FNDA:0,(anonymous_2)
FNDA:1,(anonymous_3)
FNDA:1,(anonymous_4)
FNDA:1,(anonymous_5)
FNDA:2,(anonymous_6)
FNDA:1,(anonymous_7)
FNDA:0,(anonymous_8)
FNDA:0,(anonymous_9)
FNDA:0,(anonymous_10)
FNDA:0,(anonymous_11)
FNDA:4,(anonymous_12)
FNDA:8,(anonymous_13)
FNDA:176,(anonymous_14)
FNDA:8,(anonymous_15)
DA:1,1
DA:3,1
DA:4,1
DA:6,1
DA:7,11
DA:8,11
DA:35,0
DA:37,0
DA:39,0
DA:53,0
DA:57,0
DA:59,0
DA:60,0
DA:63,0
DA:87,2
DA:89,2
DA:90,1
DA:93,1
DA:95,1
DA:96,0
DA:99,1
DA:100,1
DA:102,1
DA:103,1
DA:104,1
DA:105,0
DA:106,0
DA:107,0
DA:108,0
DA:109,0
DA:110,0
DA:113,1
DA:121,1
DA:130,1
DA:131,1
DA:132,1
DA:133,1
DA:137,1
DA:145,1
DA:147,1
DA:148,0
DA:149,0
DA:150,0
DA:151,0
DA:156,1
DA:174,0
DA:175,0
DA:177,0
DA:188,1
DA:189,0
DA:192,1
DA:193,1
DA:194,1
DA:195,1
DA:196,1
DA:198,1
DA:201,1
DA:207,1
DA:211,1
DA:212,1
DA:213,1
DA:214,1
DA:215,1
DA:219,1
DA:220,1
DA:221,1
DA:225,2
DA:226,2
DA:228,2
DA:229,30
DA:230,30
DA:233,2
DA:237,1
DA:253,0
DA:254,0
DA:256,0
DA:263,0
DA:268,0
DA:273,0
DA:288,0
DA:290,0
DA:291,0
DA:294,0
DA:309,4
DA:317,8
DA:319,8
DA:321,8
DA:323,8
DA:348,176
DA:352,8
DA:354,8
DA:364,1
LF:92
LH:59
BRDA:50,0,0,0
BRDA:50,0,1,0
BRDA:59,1,0,0
BRDA:59,2,0,0
BRDA:59,2,1,0
BRDA:89,3,0,1
BRDA:95,4,0,0
BRDA:103,5,0,1
BRDA:103,5,1,0
BRDA:105,6,0,0
BRDA:105,6,1,0
BRDA:107,7,0,0
BRDA:107,7,1,0
BRDA:109,8,0,0
BRDA:130,9,0,1
BRDA:130,10,0,1
BRDA:130,10,1,1
BRDA:131,11,0,1
BRDA:131,11,1,0
BRDA:133,12,0,1
BRDA:133,12,1,0
BRDA:147,13,0,0
BRDA:147,14,0,1
BRDA:147,14,1,1
BRDA:147,14,2,1
BRDA:149,15,0,0
BRDA:159,16,0,1
BRDA:159,16,1,0
BRDA:175,17,0,0
BRDA:175,17,1,0
BRDA:180,18,0,0
BRDA:180,18,1,0
BRDA:181,19,0,0
BRDA:181,19,1,0
BRDA:182,20,0,0
BRDA:182,20,1,0
BRDA:183,21,0,0
BRDA:183,21,1,0
BRDA:188,22,0,0
BRDA:192,23,0,1
BRDA:192,23,1,0
BRDA:193,24,0,1
BRDA:193,24,1,0
BRDA:194,25,0,1
BRDA:194,25,1,0
BRDA:195,26,0,1
BRDA:195,26,1,0
BRDA:196,27,0,1
BRDA:196,27,1,0
BRDA:207,28,0,0
BRDA:207,28,1,1
BRDA:211,29,0,1
BRDA:211,29,1,0
BRDA:212,30,0,1
BRDA:212,30,1,0
BRDA:213,31,0,1
BRDA:213,31,1,0
BRDA:214,32,0,1
BRDA:214,32,1,0
BRDA:219,33,0,1
BRDA:219,33,1,0
BRDA:220,34,0,1
BRDA:220,34,1,0
BRDA:267,35,0,0
BRDA:290,36,0,0
BRDA:309,37,0,4
BRDA:309,37,1,1
BRDA:315,38,0,6
BRDA:334,39,0,7
BRDA:334,39,1,1
BRDA:338,40,0,8
BRDA:338,40,1,0
BRDA:339,41,0,8
BRDA:339,41,1,0
BRDA:340,42,0,8
BRDA:340,42,1,0
BRDA:341,43,0,8
BRDA:341,43,1,0
BRDA:342,44,0,8
BRDA:342,44,1,0
BRF:80
BRH:33
end_of_record
TN:
SF:src/validators/index.ts
FNF:0
FNH:0
DA:1,1
DA:3,1
DA:15,1
DA:28,1
DA:40,1
DA:69,1
DA:78,1
DA:85,1
DA:92,1
LF:9
LH:9
BRF:0
BRH:0
end_of_record
